0 info it worked if it ends with ok
1 verbose cli [ 'node', '/usr/local/bin/npm', 'install', 'connect', '--save' ]
2 info using npm@1.4.28
3 info using node@v0.10.32
4 warn package.json mywebsite@1.0.0 No repository field.
5 warn package.json mywebsite@1.0.0 No README data
6 verbose readDependencies using package.json deps
7 verbose cache add [ 'connect', null ]
8 verbose cache add name=undefined spec="connect" args=["connect",null]
9 verbose parsed url { protocol: null,
9 verbose parsed url   slashes: null,
9 verbose parsed url   auth: null,
9 verbose parsed url   host: null,
9 verbose parsed url   port: null,
9 verbose parsed url   hostname: null,
9 verbose parsed url   hash: null,
9 verbose parsed url   search: null,
9 verbose parsed url   query: null,
9 verbose parsed url   pathname: 'connect',
9 verbose parsed url   path: 'connect',
9 verbose parsed url   href: 'connect' }
10 silly lockFile f11a107f-connect connect
11 verbose lock connect /Users/mithundas/.npm/f11a107f-connect.lock
12 silly lockFile f11a107f-connect connect
13 silly lockFile f11a107f-connect connect
14 verbose addNamed [ 'connect', '' ]
15 verbose addNamed [ null, '*' ]
16 silly lockFile 6c45e0f3-connect connect@
17 verbose lock connect@ /Users/mithundas/.npm/6c45e0f3-connect.lock
18 silly addNameRange { name: 'connect', range: '*', hasData: false }
19 verbose request where is /connect
20 verbose request registry https://registry.npmjs.org/
21 verbose request id 763710e64a3a3673
22 verbose url raw /connect
23 verbose url resolving [ 'https://registry.npmjs.org/', './connect' ]
24 verbose url resolved https://registry.npmjs.org/connect
25 verbose request where is https://registry.npmjs.org/connect
26 info trying registry request attempt 1 at 20:27:13
27 verbose etag "2SHP7HQYE35CPO9061IZJEK6H"
28 http GET https://registry.npmjs.org/connect
29 http 200 https://registry.npmjs.org/connect
30 silly registry.get cb [ 200,
30 silly registry.get   { date: 'Sat, 24 Jan 2015 01:27:14 GMT',
30 silly registry.get     server: 'CouchDB/1.5.0 (Erlang OTP/R14B04)',
30 silly registry.get     etag: '"74RVHOKPPQYT6KOV5D1S91X25"',
30 silly registry.get     'content-type': 'application/json',
30 silly registry.get     'cache-control': 'max-age=60',
30 silly registry.get     'content-length': '311519',
30 silly registry.get     'accept-ranges': 'bytes',
30 silly registry.get     via: '1.1 varnish',
30 silly registry.get     age: '46',
30 silly registry.get     'x-served-by': 'cache-jfk1032-JFK',
30 silly registry.get     'x-cache': 'HIT',
30 silly registry.get     'x-cache-hits': '1',
30 silly registry.get     'x-timer': 'S1422062834.117743,VS0,VE1',
30 silly registry.get     vary: 'Accept',
30 silly registry.get     'keep-alive': 'timeout=10, max=50',
30 silly registry.get     connection: 'Keep-Alive' } ]
31 silly addNameRange number 2 { name: 'connect', range: '*', hasData: true }
32 silly addNameRange versions [ 'connect',
32 silly addNameRange   [ '0.0.1',
32 silly addNameRange     '0.0.2',
32 silly addNameRange     '0.0.3',
32 silly addNameRange     '0.0.4',
32 silly addNameRange     '0.0.5',
32 silly addNameRange     '0.0.6',
32 silly addNameRange     '0.1.0',
32 silly addNameRange     '0.2.0',
32 silly addNameRange     '0.2.1',
32 silly addNameRange     '0.2.2',
32 silly addNameRange     '0.2.3',
32 silly addNameRange     '0.2.4',
32 silly addNameRange     '0.2.5',
32 silly addNameRange     '0.2.6',
32 silly addNameRange     '0.2.7',
32 silly addNameRange     '0.3.0',
32 silly addNameRange     '0.4.0',
32 silly addNameRange     '0.5.0',
32 silly addNameRange     '0.5.1',
32 silly addNameRange     '0.5.2',
32 silly addNameRange     '0.5.3',
32 silly addNameRange     '0.5.4',
32 silly addNameRange     '0.5.5',
32 silly addNameRange     '0.5.6',
32 silly addNameRange     '0.5.7',
32 silly addNameRange     '0.5.8',
32 silly addNameRange     '0.5.9',
32 silly addNameRange     '0.5.10',
32 silly addNameRange     '1.0.0',
32 silly addNameRange     '1.0.1',
32 silly addNameRange     '1.0.2',
32 silly addNameRange     '1.0.3',
32 silly addNameRange     '1.0.4',
32 silly addNameRange     '1.0.5',
32 silly addNameRange     '1.0.6',
32 silly addNameRange     '1.1.0',
32 silly addNameRange     '1.1.1',
32 silly addNameRange     '1.1.2',
32 silly addNameRange     '1.1.3',
32 silly addNameRange     '1.1.4',
32 silly addNameRange     '1.1.5',
32 silly addNameRange     '1.2.0',
32 silly addNameRange     '1.2.1',
32 silly addNameRange     '1.2.2',
32 silly addNameRange     '1.2.3',
32 silly addNameRange     '1.3.0',
32 silly addNameRange     '1.4.0',
32 silly addNameRange     '1.4.1',
32 silly addNameRange     '1.4.2',
32 silly addNameRange     '1.4.3',
32 silly addNameRange     '1.4.4',
32 silly addNameRange     '1.4.5',
32 silly addNameRange     '1.4.6',
32 silly addNameRange     '1.5.0',
32 silly addNameRange     '1.5.1',
32 silly addNameRange     '1.5.2',
32 silly addNameRange     '1.6.0',
32 silly addNameRange     '1.6.1',
32 silly addNameRange     '1.6.2',
32 silly addNameRange     '1.6.3',
32 silly addNameRange     '1.6.4',
32 silly addNameRange     '1.7.0',
32 silly addNameRange     '1.7.1',
32 silly addNameRange     '1.7.2',
32 silly addNameRange     '1.7.3',
32 silly addNameRange     '1.8.0',
32 silly addNameRange     '1.8.1',
32 silly addNameRange     '1.8.2',
32 silly addNameRange     '1.8.3',
32 silly addNameRange     '1.8.4',
32 silly addNameRange     '1.8.5',
32 silly addNameRange     '2.0.0',
32 silly addNameRange     '2.0.1',
32 silly addNameRange     '2.0.2',
32 silly addNameRange     '2.0.3',
32 silly addNameRange     '1.8.6',
32 silly addNameRange     '2.1.0',
32 silly addNameRange     '2.1.1',
32 silly addNameRange     '2.1.2',
32 silly addNameRange     '1.8.7',
32 silly addNameRange     '2.1.3',
32 silly addNameRange     '2.2.0',
32 silly addNameRange     '2.2.1',
32 silly addNameRange     '2.2.2',
32 silly addNameRange     '2.3.0',
32 silly addNameRange     '2.3.1',
32 silly addNameRange     '2.3.2',
32 silly addNameRange     '2.3.3',
32 silly addNameRange     '1.9.0',
32 silly addNameRange     '1.9.1',
32 silly addNameRange     '2.3.4',
32 silly addNameRange     '2.3.5',
32 silly addNameRange     '2.3.6',
32 silly addNameRange     '2.3.7',
32 silly addNameRange     '1.9.2',
32 silly addNameRange     '2.3.8',
32 silly addNameRange     '2.3.9',
32 silly addNameRange     '2.4.0',
32 silly addNameRange     '2.4.1',
32 silly addNameRange     '2.4.2',
32 silly addNameRange     '2.4.3',
32 silly addNameRange     '2.4.4',
32 silly addNameRange     '2.4.5',
32 silly addNameRange     '2.4.6',
32 silly addNameRange     '2.5.0',
32 silly addNameRange     '2.6.0',
32 silly addNameRange     '2.6.1',
32 silly addNameRange     '2.6.2',
32 silly addNameRange     '2.7.0',
32 silly addNameRange     '2.7.1',
32 silly addNameRange     '2.7.2',
32 silly addNameRange     '2.7.3',
32 silly addNameRange     '2.7.4',
32 silly addNameRange     '2.7.5',
32 silly addNameRange     '2.7.6',
32 silly addNameRange     '2.7.7',
32 silly addNameRange     '2.7.8',
32 silly addNameRange     '2.7.9',
32 silly addNameRange     '2.7.10',
32 silly addNameRange     '2.7.11',
32 silly addNameRange     '2.8.0',
32 silly addNameRange     '2.8.1',
32 silly addNameRange     '2.8.2',
32 silly addNameRange     '2.8.3',
32 silly addNameRange     '2.8.4',
32 silly addNameRange     '2.8.5',
32 silly addNameRange     '2.8.6',
32 silly addNameRange     '2.8.7',
32 silly addNameRange     '2.8.8',
32 silly addNameRange     '2.9.0',
32 silly addNameRange     '2.9.1',
32 silly addNameRange     '2.9.2',
32 silly addNameRange     '2.10.0',
32 silly addNameRange     '2.10.1',
32 silly addNameRange     '2.11.0',
32 silly addNameRange     '2.11.1',
32 silly addNameRange     '2.11.2',
32 silly addNameRange     '2.12.0',
32 silly addNameRange     '2.13.0',
32 silly addNameRange     '2.13.1',
32 silly addNameRange     '2.14.0',
32 silly addNameRange     '2.14.1',
32 silly addNameRange     '3.0.0-rc.1',
32 silly addNameRange     '2.14.2',
32 silly addNameRange     '2.14.3',
32 silly addNameRange     '2.14.4',
32 silly addNameRange     '2.14.5',
32 silly addNameRange     '2.15.0',
32 silly addNameRange     '3.0.0-rc.2',
32 silly addNameRange     '2.16.0',
32 silly addNameRange     '2.16.1',
32 silly addNameRange     '2.16.2',
32 silly addNameRange     '2.17.0',
32 silly addNameRange     '2.17.1',
32 silly addNameRange     '2.17.2',
32 silly addNameRange     '2.17.3',
32 silly addNameRange     '2.18.0',
32 silly addNameRange     '3.0.0',
32 silly addNameRange     '2.19.0',
32 silly addNameRange     '2.19.1',
32 silly addNameRange     '2.19.2',
32 silly addNameRange     '2.19.3',
32 silly addNameRange     '2.19.4',
32 silly addNameRange     '2.19.5',
32 silly addNameRange     '2.19.6',
32 silly addNameRange     '2.20.0',
32 silly addNameRange     '2.20.1',
32 silly addNameRange     '2.20.2',
32 silly addNameRange     '3.0.1',
32 silly addNameRange     '2.21.0',
32 silly addNameRange     '2.21.1',
32 silly addNameRange     '2.22.0',
32 silly addNameRange     '2.23.0',
32 silly addNameRange     '3.0.2',
32 silly addNameRange     '2.24.0',
32 silly addNameRange     '3.1.0',
32 silly addNameRange     '2.24.1',
32 silly addNameRange     '2.24.2',
32 silly addNameRange     '2.24.3',
32 silly addNameRange     '2.25.0',
32 silly addNameRange     '2.25.1',
32 silly addNameRange     '2.25.2',
32 silly addNameRange     '2.25.3',
32 silly addNameRange     '2.25.4',
32 silly addNameRange     '3.1.1',
32 silly addNameRange     '2.25.5',
32 silly addNameRange     '2.25.6',
32 silly addNameRange     '2.25.7',
32 silly addNameRange     '2.25.8',
32 silly addNameRange     '2.25.9',
32 silly addNameRange     '2.25.10',
32 silly addNameRange     '2.26.0',
32 silly addNameRange     '3.2.0',
32 silly addNameRange     '2.26.1',
32 silly addNameRange     '2.26.2',
32 silly addNameRange     '2.26.3',
32 silly addNameRange     '2.26.4',
32 silly addNameRange     '2.26.5',
32 silly addNameRange     '2.26.6',
32 silly addNameRange     '2.27.0',
32 silly addNameRange     '3.3.0',
32 silly addNameRange     '2.27.1',
32 silly addNameRange     '3.3.1',
32 silly addNameRange     '2.27.2',
32 silly addNameRange     '3.3.2',
32 silly addNameRange     '2.27.3',
32 silly addNameRange     '3.3.3',
32 silly addNameRange     '2.27.4',
32 silly addNameRange     '2.27.5',
32 silly addNameRange     '2.27.6',
32 silly addNameRange     '2.28.0',
32 silly addNameRange     '3.3.4',
32 silly addNameRange     '2.28.1',
32 silly addNameRange     '2.28.2' ] ]
33 verbose addNamed [ 'connect', '3.3.4' ]
34 verbose addNamed [ '3.3.4', '3.3.4' ]
35 silly lockFile d5560a75-connect-3-3-4 connect@3.3.4
36 verbose lock connect@3.3.4 /Users/mithundas/.npm/d5560a75-connect-3-3-4.lock
37 silly lockFile 1e564a59-js-org-connect-connect-3-3-4-tgz https://registry.npmjs.org/connect/-/connect-3.3.4.tgz
38 verbose lock https://registry.npmjs.org/connect/-/connect-3.3.4.tgz /Users/mithundas/.npm/1e564a59-js-org-connect-connect-3-3-4-tgz.lock
39 verbose addRemoteTarball [ 'https://registry.npmjs.org/connect/-/connect-3.3.4.tgz',
39 verbose addRemoteTarball   'c4d6385e06c75885d8b4f2d276a374e2d8fbe23e' ]
40 info retry fetch attempt 1 at 20:27:14
41 verbose fetch to= /var/folders/c8/l6ly4xcd6dg9kc761wkc48tr0000gn/T/npm-19749-3kFDeaSV/registry.npmjs.org/connect/-/connect-3.3.4.tgz
42 http GET https://registry.npmjs.org/connect/-/connect-3.3.4.tgz
43 http 200 https://registry.npmjs.org/connect/-/connect-3.3.4.tgz
44 silly lockFile 1e564a59-js-org-connect-connect-3-3-4-tgz https://registry.npmjs.org/connect/-/connect-3.3.4.tgz
45 silly lockFile 1e564a59-js-org-connect-connect-3-3-4-tgz https://registry.npmjs.org/connect/-/connect-3.3.4.tgz
46 silly lockFile d5560a75-connect-3-3-4 connect@3.3.4
47 silly lockFile d5560a75-connect-3-3-4 connect@3.3.4
48 silly lockFile 6c45e0f3-connect connect@
49 silly lockFile 6c45e0f3-connect connect@
50 error Error: EACCES, mkdir '/Users/mithundas/.npm/connect/3.3.4'
50 error  { [Error: EACCES, mkdir '/Users/mithundas/.npm/connect/3.3.4']
50 error   errno: 3,
50 error   code: 'EACCES',
50 error   path: '/Users/mithundas/.npm/connect/3.3.4',
50 error   parent: 'mywebsite' }
51 error Please try running this command again as root/Administrator.
52 error System Darwin 14.0.0
53 error command "node" "/usr/local/bin/npm" "install" "connect" "--save"
54 error cwd /Users/mithundas/Project_Workspace/NodeJS/mywebsite
55 error node -v v0.10.32
56 error npm -v 1.4.28
57 error path /Users/mithundas/.npm/connect/3.3.4
58 error code EACCES
59 error errno 3
60 error stack Error: EACCES, mkdir '/Users/mithundas/.npm/connect/3.3.4'
61 verbose exit [ 3, true ]
